[2026-06-30T02:59:49.152Z] [INFO] [MerchantConfig951218800] : "************************ LOGGING START ************************"
[2026-06-30T02:59:49.156Z] [INFO] [ApiClient928804779] : "Authentication Type : http_signature"
[2026-06-30T02:59:49.156Z] [INFO] [ApiClient928804779] : "Request Type : POST"
[2026-06-30T02:59:49.157Z] [INFO] [ApiClient928804779] : "signatureHeader : keyid=\"0e06b09e-a96a-4f30-8ae5-4bc5a8c53881\", algorithm=\"HmacSHA256\", headers=\"host date request-target digest v-c-merchant-id\", signature=\"OmzFNM/qqLvggjt67fIeRTMt8mzGUEeTVVP2/gjLw2E=\""
[2026-06-30T02:59:49.157Z] [INFO] [ApiClient928804779] : "digest : SHA-256=dTQ0J4bya/IFZ7SObU7HkZkezdc6X2xYoHVKLwsKwXA="
[2026-06-30T02:59:49.158Z] [INFO] [ApiClient928804779] : "v-c-merchant-id : 852001001"
[2026-06-30T02:59:49.158Z] [INFO] [ApiClient928804779] : "date : Tue, 30 Jun 2026 02:59:49 GMT"
[2026-06-30T02:59:49.158Z] [INFO] [ApiClient928804779] : "host : apitest.cybersource.com"
[2026-06-30T02:59:49.158Z] [INFO] [ApiClient928804779] : "signature : keyid=\"0e06b09e-a96a-4f30-8ae5-4bc5a8c53881\", algorithm=\"HmacSHA256\", headers=\"host date request-target digest v-c-merchant-id\", signature=\"OmzFNM/qqLvggjt67fIeRTMt8mzGUEeTVVP2/gjLw2E=\""
[2026-06-30T02:59:49.159Z] [INFO] [ApiClient928804779] : "User-Agent : Mozilla/5.0"
[2026-06-30T02:59:49.159Z] [INFO] [ApiClient928804779] : "************************  LOGGING END  ************************"
[2026-06-30T03:09:00.793Z] [INFO] [ApiClient254882811] : "Authentication Type : http_signature"
[2026-06-30T03:09:00.794Z] [INFO] [ApiClient254882811] : "Request Type : POST"
[2026-06-30T03:09:00.794Z] [INFO] [ApiClient254882811] : "signatureHeader : keyid=\"0e06b09e-a96a-4f30-8ae5-4bc5a8c53881\", algorithm=\"HmacSHA256\", headers=\"host date request-target digest v-c-merchant-id\", signature=\"lPT0kSOT2XBy/DBFPNzRlXWS07CpgqhfIql6hmpHBgs=\""
[2026-06-30T03:09:00.794Z] [INFO] [ApiClient254882811] : "digest : SHA-256=dTQ0J4bya/IFZ7SObU7HkZkezdc6X2xYoHVKLwsKwXA="
[2026-06-30T03:09:00.795Z] [INFO] [ApiClient254882811] : "v-c-merchant-id : 852001001"
[2026-06-30T03:09:00.795Z] [INFO] [ApiClient254882811] : "date : Tue, 30 Jun 2026 03:09:00 GMT"
[2026-06-30T03:09:00.795Z] [INFO] [ApiClient254882811] : "host : apitest.cybersource.com"
[2026-06-30T03:09:00.795Z] [INFO] [ApiClient254882811] : "signature : keyid=\"0e06b09e-a96a-4f30-8ae5-4bc5a8c53881\", algorithm=\"HmacSHA256\", headers=\"host date request-target digest v-c-merchant-id\", signature=\"lPT0kSOT2XBy/DBFPNzRlXWS07CpgqhfIql6hmpHBgs=\""
[2026-06-30T03:09:00.795Z] [INFO] [ApiClient254882811] : "User-Agent : Mozilla/5.0"
[2026-06-30T03:09:00.791Z] [INFO] [MerchantConfig939979909] : "************************ LOGGING START ************************"
[2026-06-30T03:09:00.796Z] [INFO] [ApiClient254882811] : "************************  LOGGING END  ************************"
[2026-06-30T03:11:33.508Z] [INFO] [MerchantConfig987070002] : "************************ LOGGING START ************************"
[2026-06-30T03:11:33.510Z] [INFO] [ApiClient208331489] : "Authentication Type : http_signature"
[2026-06-30T03:11:33.510Z] [INFO] [ApiClient208331489] : "Request Type : POST"
[2026-06-30T03:11:33.511Z] [INFO] [ApiClient208331489] : "signatureHeader : keyid=\"0e06b09e-a96a-4f30-8ae5-4bc5a8c53881\", algorithm=\"HmacSHA256\", headers=\"host date request-target digest v-c-merchant-id\", signature=\"uYBMkQTeB0+lZeOEaDN3PeMAp/I+jRh5lt4MMkY0F5E=\""
[2026-06-30T03:11:33.511Z] [INFO] [ApiClient208331489] : "digest : SHA-256=dTQ0J4bya/IFZ7SObU7HkZkezdc6X2xYoHVKLwsKwXA="
[2026-06-30T03:11:33.511Z] [INFO] [ApiClient208331489] : "v-c-merchant-id : 852001001"
[2026-06-30T03:11:33.511Z] [INFO] [ApiClient208331489] : "date : Tue, 30 Jun 2026 03:11:33 GMT"
[2026-06-30T03:11:33.512Z] [INFO] [ApiClient208331489] : "host : apitest.cybersource.com"
[2026-06-30T03:11:33.512Z] [INFO] [ApiClient208331489] : "signature : keyid=\"0e06b09e-a96a-4f30-8ae5-4bc5a8c53881\", algorithm=\"HmacSHA256\", headers=\"host date request-target digest v-c-merchant-id\", signature=\"uYBMkQTeB0+lZeOEaDN3PeMAp/I+jRh5lt4MMkY0F5E=\""
[2026-06-30T03:11:33.512Z] [INFO] [ApiClient208331489] : "User-Agent : Mozilla/5.0"
[2026-06-30T03:11:33.512Z] [INFO] [ApiClient208331489] : "************************  LOGGING END  ************************"
[2026-06-30T03:13:43.094Z] [INFO] [MerchantConfig860962058] : "************************ LOGGING START ************************"
[2026-06-30T03:13:43.096Z] [INFO] [ApiClient167360480] : "Authentication Type : http_signature"
[2026-06-30T03:13:43.096Z] [INFO] [ApiClient167360480] : "Request Type : POST"
[2026-06-30T03:13:43.096Z] [INFO] [ApiClient167360480] : "signatureHeader : keyid=\"0e06b09e-a96a-4f30-8ae5-4bc5a8c53881\", algorithm=\"HmacSHA256\", headers=\"host date request-target digest v-c-merchant-id\", signature=\"xQNVxpySGDZJt+B91GVWIGesQj6fRkKNWW+LgE52rFg=\""
[2026-06-30T03:13:43.097Z] [INFO] [ApiClient167360480] : "digest : SHA-256=dTQ0J4bya/IFZ7SObU7HkZkezdc6X2xYoHVKLwsKwXA="
[2026-06-30T03:13:43.097Z] [INFO] [ApiClient167360480] : "v-c-merchant-id : 852001001"
[2026-06-30T03:13:43.097Z] [INFO] [ApiClient167360480] : "date : Tue, 30 Jun 2026 03:13:43 GMT"
[2026-06-30T03:13:43.097Z] [INFO] [ApiClient167360480] : "host : apitest.cybersource.com"
[2026-06-30T03:13:43.097Z] [INFO] [ApiClient167360480] : "signature : keyid=\"0e06b09e-a96a-4f30-8ae5-4bc5a8c53881\", algorithm=\"HmacSHA256\", headers=\"host date request-target digest v-c-merchant-id\", signature=\"xQNVxpySGDZJt+B91GVWIGesQj6fRkKNWW+LgE52rFg=\""
[2026-06-30T03:13:43.097Z] [INFO] [ApiClient167360480] : "User-Agent : Mozilla/5.0"
[2026-06-30T03:13:43.098Z] [INFO] [ApiClient167360480] : "************************  LOGGING END  ************************"
[2026-06-30T03:14:03.309Z] [INFO] [MerchantConfig989258535] : "************************ LOGGING START ************************"
[2026-06-30T03:14:03.311Z] [INFO] [ApiClient198664375] : "Authentication Type : http_signature"
[2026-06-30T03:14:03.311Z] [INFO] [ApiClient198664375] : "Request Type : POST"
[2026-06-30T03:14:03.311Z] [INFO] [ApiClient198664375] : "signatureHeader : keyid=\"0e06b09e-a96a-4f30-8ae5-4bc5a8c53881\", algorithm=\"HmacSHA256\", headers=\"host date request-target digest v-c-merchant-id\", signature=\"PMEeEklLxa0dOEitrLPAO1hIBgi57Iyu114W4aJoL7g=\""
[2026-06-30T03:14:03.312Z] [INFO] [ApiClient198664375] : "digest : SHA-256=dTQ0J4bya/IFZ7SObU7HkZkezdc6X2xYoHVKLwsKwXA="
[2026-06-30T03:14:03.312Z] [INFO] [ApiClient198664375] : "v-c-merchant-id : 852001001"
[2026-06-30T03:14:03.312Z] [INFO] [ApiClient198664375] : "date : Tue, 30 Jun 2026 03:14:03 GMT"
[2026-06-30T03:14:03.312Z] [INFO] [ApiClient198664375] : "host : apitest.cybersource.com"
[2026-06-30T03:14:03.313Z] [INFO] [ApiClient198664375] : "signature : keyid=\"0e06b09e-a96a-4f30-8ae5-4bc5a8c53881\", algorithm=\"HmacSHA256\", headers=\"host date request-target digest v-c-merchant-id\", signature=\"PMEeEklLxa0dOEitrLPAO1hIBgi57Iyu114W4aJoL7g=\""
[2026-06-30T03:14:03.313Z] [INFO] [ApiClient198664375] : "User-Agent : Mozilla/5.0"
[2026-06-30T03:14:03.313Z] [INFO] [ApiClient198664375] : "************************  LOGGING END  ************************"
[2026-06-30T03:57:32.832Z] [INFO] [MerchantConfig70570293] : "************************ LOGGING START ************************"
[2026-06-30T03:57:32.838Z] [INFO] [ApiClient819088240] : "Authentication Type : http_signature"
[2026-06-30T03:57:32.838Z] [INFO] [ApiClient819088240] : "Request Type : POST"
[2026-06-30T03:57:32.840Z] [INFO] [ApiClient819088240] : "signatureHeader : keyid=\"0e06b09e-a96a-4f30-8ae5-4bc5a8c53881\", algorithm=\"HmacSHA256\", headers=\"host date request-target digest v-c-merchant-id\", signature=\"3vi3/H+SbWcCJwoeuMVvvUYpwTfh1vpcgWKKirpoR6U=\""
[2026-06-30T03:57:32.841Z] [INFO] [ApiClient819088240] : "digest : SHA-256=cq0E3k4WLgvhG0+IaDcodI2d7Nd6BLJbFAgzGLCoh08="
[2026-06-30T03:57:32.841Z] [INFO] [ApiClient819088240] : "v-c-merchant-id : 852001001"
[2026-06-30T03:57:32.842Z] [INFO] [ApiClient819088240] : "date : Tue, 30 Jun 2026 03:57:32 GMT"
[2026-06-30T03:57:32.842Z] [INFO] [ApiClient819088240] : "host : apitest.cybersource.com"
[2026-06-30T03:57:32.842Z] [INFO] [ApiClient819088240] : "signature : keyid=\"0e06b09e-a96a-4f30-8ae5-4bc5a8c53881\", algorithm=\"HmacSHA256\", headers=\"host date request-target digest v-c-merchant-id\", signature=\"3vi3/H+SbWcCJwoeuMVvvUYpwTfh1vpcgWKKirpoR6U=\""
[2026-06-30T03:57:32.843Z] [INFO] [ApiClient819088240] : "User-Agent : Mozilla/5.0"
[2026-06-30T03:57:32.843Z] [INFO] [ApiClient819088240] : "************************  LOGGING END  ************************"
[2026-06-30T03:58:45.170Z] [INFO] [MerchantConfig762805248] : "************************ LOGGING START ************************"
[2026-06-30T03:58:45.173Z] [INFO] [ApiClient653156877] : "Authentication Type : http_signature"
[2026-06-30T03:58:45.173Z] [INFO] [ApiClient653156877] : "Request Type : POST"
[2026-06-30T03:58:45.173Z] [INFO] [ApiClient653156877] : "signatureHeader : keyid=\"0e06b09e-a96a-4f30-8ae5-4bc5a8c53881\", algorithm=\"HmacSHA256\", headers=\"host date request-target digest v-c-merchant-id\", signature=\"mOeZV6r5Q+2FnShcY492hKssWB7kWnl1rW+lNqlxfPg=\""
[2026-06-30T03:58:45.173Z] [INFO] [ApiClient653156877] : "digest : SHA-256=dTQ0J4bya/IFZ7SObU7HkZkezdc6X2xYoHVKLwsKwXA="
[2026-06-30T03:58:45.174Z] [INFO] [ApiClient653156877] : "v-c-merchant-id : 852001001"
[2026-06-30T03:58:45.174Z] [INFO] [ApiClient653156877] : "date : Tue, 30 Jun 2026 03:58:45 GMT"
[2026-06-30T03:58:45.174Z] [INFO] [ApiClient653156877] : "host : apitest.cybersource.com"
[2026-06-30T03:58:45.174Z] [INFO] [ApiClient653156877] : "signature : keyid=\"0e06b09e-a96a-4f30-8ae5-4bc5a8c53881\", algorithm=\"HmacSHA256\", headers=\"host date request-target digest v-c-merchant-id\", signature=\"mOeZV6r5Q+2FnShcY492hKssWB7kWnl1rW+lNqlxfPg=\""
[2026-06-30T03:58:45.174Z] [INFO] [ApiClient653156877] : "User-Agent : Mozilla/5.0"
[2026-06-30T03:58:45.175Z] [INFO] [ApiClient653156877] : "************************  LOGGING END  ************************"
[2026-06-30T04:08:44.129Z] [INFO] [MerchantConfig908826470] : "************************ LOGGING START ************************"
[2026-06-30T04:08:44.134Z] [INFO] [ApiClient103629375] : "Authentication Type : http_signature"
[2026-06-30T04:08:44.135Z] [INFO] [ApiClient103629375] : "Request Type : POST"
[2026-06-30T04:08:44.136Z] [INFO] [ApiClient103629375] : "signatureHeader : keyid=\"0e06b09e-a96a-4f30-8ae5-4bc5a8c53881\", algorithm=\"HmacSHA256\", headers=\"host date request-target digest v-c-merchant-id\", signature=\"3lV23PpmwoZO5eHd86bmBLb/c7CsKrumxKZcGn4mURU=\""
[2026-06-30T04:08:44.137Z] [INFO] [ApiClient103629375] : "digest : SHA-256=dTQ0J4bya/IFZ7SObU7HkZkezdc6X2xYoHVKLwsKwXA="
[2026-06-30T04:08:44.137Z] [INFO] [ApiClient103629375] : "v-c-merchant-id : 852001001"
[2026-06-30T04:08:44.138Z] [INFO] [ApiClient103629375] : "date : Tue, 30 Jun 2026 04:08:44 GMT"
[2026-06-30T04:08:44.138Z] [INFO] [ApiClient103629375] : "host : apitest.cybersource.com"
[2026-06-30T04:08:44.139Z] [INFO] [ApiClient103629375] : "signature : keyid=\"0e06b09e-a96a-4f30-8ae5-4bc5a8c53881\", algorithm=\"HmacSHA256\", headers=\"host date request-target digest v-c-merchant-id\", signature=\"3lV23PpmwoZO5eHd86bmBLb/c7CsKrumxKZcGn4mURU=\""
[2026-06-30T04:08:44.139Z] [INFO] [ApiClient103629375] : "User-Agent : Mozilla/5.0"
[2026-06-30T04:08:44.140Z] [INFO] [ApiClient103629375] : "************************  LOGGING END  ************************"
