[2026-06-29T03:49:01.124Z] [INFO] [MerchantConfig447910930] : "************************ LOGGING START ************************"
[2026-06-29T03:49:01.128Z] [INFO] [ApiClient200083096] : "Authentication Type : http_signature"
[2026-06-29T03:49:01.129Z] [INFO] [ApiClient200083096] : "Request Type : POST"
[2026-06-29T03:49:01.130Z] [INFO] [ApiClient200083096] : "signatureHeader : keyid=\"0e06b09e-a96a-4f30-8ae5-4bc5a8c53881\", algorithm=\"HmacSHA256\", headers=\"host date request-target digest v-c-merchant-id\", signature=\"GkmlBwgQMISVYTm9yNDDMabbmWyf/R/e/3/HbKW7X3I=\""
[2026-06-29T03:49:01.130Z] [INFO] [ApiClient200083096] : "digest : SHA-256=HAeendYM/PM02Ra6vFKPX2kPv8L6JuN3WnMCpYCERvg="
[2026-06-29T03:49:01.130Z] [INFO] [ApiClient200083096] : "v-c-merchant-id : 852001001"
[2026-06-29T03:49:01.131Z] [INFO] [ApiClient200083096] : "date : Mon, 29 Jun 2026 03:49:01 GMT"
[2026-06-29T03:49:01.131Z] [INFO] [ApiClient200083096] : "host : apitest.cybersource.com"
[2026-06-29T03:49:01.131Z] [INFO] [ApiClient200083096] : "signature : keyid=\"0e06b09e-a96a-4f30-8ae5-4bc5a8c53881\", algorithm=\"HmacSHA256\", headers=\"host date request-target digest v-c-merchant-id\", signature=\"GkmlBwgQMISVYTm9yNDDMabbmWyf/R/e/3/HbKW7X3I=\""
[2026-06-29T03:49:01.132Z] [INFO] [ApiClient200083096] : "User-Agent : Mozilla/5.0"
[2026-06-29T03:49:01.132Z] [INFO] [ApiClient200083096] : "************************  LOGGING END  ************************"
[2026-06-29T03:53:00.553Z] [INFO] [MerchantConfig461121877] : "************************ LOGGING START ************************"
[2026-06-29T03:53:00.555Z] [INFO] [ApiClient408781728] : "Authentication Type : http_signature"
[2026-06-29T03:53:00.555Z] [INFO] [ApiClient408781728] : "Request Type : POST"
[2026-06-29T03:53:00.555Z] [INFO] [ApiClient408781728] : "signatureHeader : keyid=\"0e06b09e-a96a-4f30-8ae5-4bc5a8c53881\", algorithm=\"HmacSHA256\", headers=\"host date request-target digest v-c-merchant-id\", signature=\"6NCwfEfAI/3SWZBg52mM/GDjls+Ook/SAAWlrKX0OCc=\""
[2026-06-29T03:53:00.555Z] [INFO] [ApiClient408781728] : "digest : SHA-256=HAeendYM/PM02Ra6vFKPX2kPv8L6JuN3WnMCpYCERvg="
[2026-06-29T03:53:00.555Z] [INFO] [ApiClient408781728] : "v-c-merchant-id : 852001001"
[2026-06-29T03:53:00.556Z] [INFO] [ApiClient408781728] : "date : Mon, 29 Jun 2026 03:53:00 GMT"
[2026-06-29T03:53:00.556Z] [INFO] [ApiClient408781728] : "host : apitest.cybersource.com"
[2026-06-29T03:53:00.556Z] [INFO] [ApiClient408781728] : "signature : keyid=\"0e06b09e-a96a-4f30-8ae5-4bc5a8c53881\", algorithm=\"HmacSHA256\", headers=\"host date request-target digest v-c-merchant-id\", signature=\"6NCwfEfAI/3SWZBg52mM/GDjls+Ook/SAAWlrKX0OCc=\""
[2026-06-29T03:53:00.556Z] [INFO] [ApiClient408781728] : "User-Agent : Mozilla/5.0"
[2026-06-29T03:53:00.556Z] [INFO] [ApiClient408781728] : "************************  LOGGING END  ************************"
[2026-06-29T03:56:30.176Z] [INFO] [MerchantConfig922179463] : "************************ LOGGING START ************************"
[2026-06-29T03:56:30.178Z] [INFO] [ApiClient442591718] : "Authentication Type : http_signature"
[2026-06-29T03:56:30.179Z] [INFO] [ApiClient442591718] : "Request Type : POST"
[2026-06-29T03:56:30.179Z] [INFO] [ApiClient442591718] : "signatureHeader : keyid=\"0e06b09e-a96a-4f30-8ae5-4bc5a8c53881\", algorithm=\"HmacSHA256\", headers=\"host date request-target digest v-c-merchant-id\", signature=\"ysqgBjFMGXeduEEtMQCgFjhQZQJHgUzmFv2lKpGgomo=\""
[2026-06-29T03:56:30.179Z] [INFO] [ApiClient442591718] : "digest : SHA-256=HAeendYM/PM02Ra6vFKPX2kPv8L6JuN3WnMCpYCERvg="
[2026-06-29T03:56:30.179Z] [INFO] [ApiClient442591718] : "v-c-merchant-id : 852001001"
[2026-06-29T03:56:30.179Z] [INFO] [ApiClient442591718] : "date : Mon, 29 Jun 2026 03:56:30 GMT"
[2026-06-29T03:56:30.180Z] [INFO] [ApiClient442591718] : "host : apitest.cybersource.com"
[2026-06-29T03:56:30.180Z] [INFO] [ApiClient442591718] : "signature : keyid=\"0e06b09e-a96a-4f30-8ae5-4bc5a8c53881\", algorithm=\"HmacSHA256\", headers=\"host date request-target digest v-c-merchant-id\", signature=\"ysqgBjFMGXeduEEtMQCgFjhQZQJHgUzmFv2lKpGgomo=\""
[2026-06-29T03:56:30.180Z] [INFO] [ApiClient442591718] : "User-Agent : Mozilla/5.0"
[2026-06-29T03:56:30.180Z] [INFO] [ApiClient442591718] : "************************  LOGGING END  ************************"
[2026-06-29T03:57:16.006Z] [INFO] [MerchantConfig824951107] : "************************ LOGGING START ************************"
[2026-06-29T03:57:16.008Z] [INFO] [ApiClient138248232] : "Authentication Type : http_signature"
[2026-06-29T03:57:16.008Z] [INFO] [ApiClient138248232] : "Request Type : POST"
[2026-06-29T03:57:16.008Z] [INFO] [ApiClient138248232] : "signatureHeader : keyid=\"0e06b09e-a96a-4f30-8ae5-4bc5a8c53881\", algorithm=\"HmacSHA256\", headers=\"host date request-target digest v-c-merchant-id\", signature=\"kPA3NKfh6FqdHTjEG07/tQ1htceqCUEBwB1cB25/rGk=\""
[2026-06-29T03:57:16.009Z] [INFO] [ApiClient138248232] : "digest : SHA-256=HAeendYM/PM02Ra6vFKPX2kPv8L6JuN3WnMCpYCERvg="
[2026-06-29T03:57:16.009Z] [INFO] [ApiClient138248232] : "v-c-merchant-id : 852001001"
[2026-06-29T03:57:16.009Z] [INFO] [ApiClient138248232] : "date : Mon, 29 Jun 2026 03:57:16 GMT"
[2026-06-29T03:57:16.009Z] [INFO] [ApiClient138248232] : "host : apitest.cybersource.com"
[2026-06-29T03:57:16.009Z] [INFO] [ApiClient138248232] : "signature : keyid=\"0e06b09e-a96a-4f30-8ae5-4bc5a8c53881\", algorithm=\"HmacSHA256\", headers=\"host date request-target digest v-c-merchant-id\", signature=\"kPA3NKfh6FqdHTjEG07/tQ1htceqCUEBwB1cB25/rGk=\""
[2026-06-29T03:57:16.009Z] [INFO] [ApiClient138248232] : "User-Agent : Mozilla/5.0"
[2026-06-29T03:57:16.010Z] [INFO] [ApiClient138248232] : "************************  LOGGING END  ************************"
[2026-06-29T03:57:28.728Z] [INFO] [ApiClient437654566] : "Authentication Type : http_signature"
[2026-06-29T03:57:28.728Z] [INFO] [ApiClient437654566] : "Request Type : POST"
[2026-06-29T03:57:28.729Z] [INFO] [ApiClient437654566] : "signatureHeader : keyid=\"0e06b09e-a96a-4f30-8ae5-4bc5a8c53881\", algorithm=\"HmacSHA256\", headers=\"host date request-target digest v-c-merchant-id\", signature=\"SU+C/WeEGbg21kJrimdOVvxKWU1aBOlOjjcwf1V9dT8=\""
[2026-06-29T03:57:28.730Z] [INFO] [ApiClient437654566] : "digest : SHA-256=HAeendYM/PM02Ra6vFKPX2kPv8L6JuN3WnMCpYCERvg="
[2026-06-29T03:57:28.730Z] [INFO] [ApiClient437654566] : "v-c-merchant-id : 852001001"
[2026-06-29T03:57:28.730Z] [INFO] [ApiClient437654566] : "date : Mon, 29 Jun 2026 03:57:28 GMT"
[2026-06-29T03:57:28.730Z] [INFO] [ApiClient437654566] : "host : apitest.cybersource.com"
[2026-06-29T03:57:28.730Z] [INFO] [ApiClient437654566] : "signature : keyid=\"0e06b09e-a96a-4f30-8ae5-4bc5a8c53881\", algorithm=\"HmacSHA256\", headers=\"host date request-target digest v-c-merchant-id\", signature=\"SU+C/WeEGbg21kJrimdOVvxKWU1aBOlOjjcwf1V9dT8=\""
[2026-06-29T03:57:28.730Z] [INFO] [ApiClient437654566] : "User-Agent : Mozilla/5.0"
[2026-06-29T03:57:28.730Z] [INFO] [ApiClient437654566] : "************************  LOGGING END  ************************"
[2026-06-29T03:57:28.725Z] [INFO] [MerchantConfig298408666] : "************************ LOGGING START ************************"
[2026-06-29T03:58:05.167Z] [INFO] [ApiClient752737319] : "Authentication Type : http_signature"
[2026-06-29T03:58:05.164Z] [INFO] [MerchantConfig646731484] : "************************ LOGGING START ************************"
[2026-06-29T03:58:05.167Z] [INFO] [ApiClient752737319] : "Request Type : POST"
[2026-06-29T03:58:05.167Z] [INFO] [ApiClient752737319] : "signatureHeader : keyid=\"0e06b09e-a96a-4f30-8ae5-4bc5a8c53881\", algorithm=\"HmacSHA256\", headers=\"host date request-target digest v-c-merchant-id\", signature=\"w9zK2hi+K71RE2iviPl0U1HuNnaeXbGvX+4DelxIgxg=\""
[2026-06-29T03:58:05.168Z] [INFO] [ApiClient752737319] : "digest : SHA-256=HAeendYM/PM02Ra6vFKPX2kPv8L6JuN3WnMCpYCERvg="
[2026-06-29T03:58:05.168Z] [INFO] [ApiClient752737319] : "v-c-merchant-id : 852001001"
[2026-06-29T03:58:05.168Z] [INFO] [ApiClient752737319] : "date : Mon, 29 Jun 2026 03:58:05 GMT"
[2026-06-29T03:58:05.168Z] [INFO] [ApiClient752737319] : "host : apitest.cybersource.com"
[2026-06-29T03:58:05.168Z] [INFO] [ApiClient752737319] : "signature : keyid=\"0e06b09e-a96a-4f30-8ae5-4bc5a8c53881\", algorithm=\"HmacSHA256\", headers=\"host date request-target digest v-c-merchant-id\", signature=\"w9zK2hi+K71RE2iviPl0U1HuNnaeXbGvX+4DelxIgxg=\""
[2026-06-29T03:58:05.169Z] [INFO] [ApiClient752737319] : "User-Agent : Mozilla/5.0"
[2026-06-29T03:58:05.169Z] [INFO] [ApiClient752737319] : "************************  LOGGING END  ************************"
[2026-06-29T04:00:13.790Z] [INFO] [MerchantConfig199691177] : "************************ LOGGING START ************************"
[2026-06-29T04:00:13.792Z] [INFO] [ApiClient999792821] : "Authentication Type : http_signature"
[2026-06-29T04:00:13.792Z] [INFO] [ApiClient999792821] : "Request Type : POST"
[2026-06-29T04:00:13.793Z] [INFO] [ApiClient999792821] : "signatureHeader : keyid=\"0e06b09e-a96a-4f30-8ae5-4bc5a8c53881\", algorithm=\"HmacSHA256\", headers=\"host date request-target digest v-c-merchant-id\", signature=\"3O+WtJtIqZlCxQ1chd0tz756n7sNYXDr0zUpCQKzHL8=\""
[2026-06-29T04:00:13.793Z] [INFO] [ApiClient999792821] : "digest : SHA-256=HAeendYM/PM02Ra6vFKPX2kPv8L6JuN3WnMCpYCERvg="
[2026-06-29T04:00:13.793Z] [INFO] [ApiClient999792821] : "v-c-merchant-id : 852001001"
[2026-06-29T04:00:13.793Z] [INFO] [ApiClient999792821] : "date : Mon, 29 Jun 2026 04:00:13 GMT"
[2026-06-29T04:00:13.793Z] [INFO] [ApiClient999792821] : "host : apitest.cybersource.com"
[2026-06-29T04:00:13.794Z] [INFO] [ApiClient999792821] : "signature : keyid=\"0e06b09e-a96a-4f30-8ae5-4bc5a8c53881\", algorithm=\"HmacSHA256\", headers=\"host date request-target digest v-c-merchant-id\", signature=\"3O+WtJtIqZlCxQ1chd0tz756n7sNYXDr0zUpCQKzHL8=\""
[2026-06-29T04:00:13.794Z] [INFO] [ApiClient999792821] : "User-Agent : Mozilla/5.0"
[2026-06-29T04:00:13.794Z] [INFO] [ApiClient999792821] : "************************  LOGGING END  ************************"
[2026-06-29T05:09:44.468Z] [INFO] [MerchantConfig659474913] : "************************ LOGGING START ************************"
[2026-06-29T05:09:44.472Z] [INFO] [ApiClient39756041] : "Authentication Type : http_signature"
[2026-06-29T05:09:44.472Z] [INFO] [ApiClient39756041] : "Request Type : POST"
[2026-06-29T05:09:44.474Z] [INFO] [ApiClient39756041] : "signatureHeader : keyid=\"f3e48397-884f-4688-8fea-673dd8ae6e30\", algorithm=\"HmacSHA256\", headers=\"host date request-target digest v-c-merchant-id\", signature=\"seIabajKlltmOitAuzzqEVBlgj0C/ElykwfKwrxBYVw=\""
[2026-06-29T05:09:44.475Z] [INFO] [ApiClient39756041] : "digest : SHA-256=HAeendYM/PM02Ra6vFKPX2kPv8L6JuN3WnMCpYCERvg="
[2026-06-29T05:09:44.476Z] [INFO] [ApiClient39756041] : "v-c-merchant-id : 852000001001"
[2026-06-29T05:09:44.476Z] [INFO] [ApiClient39756041] : "date : Mon, 29 Jun 2026 05:09:44 GMT"
[2026-06-29T05:09:44.476Z] [INFO] [ApiClient39756041] : "host : apitest.cybersource.com"
[2026-06-29T05:09:44.477Z] [INFO] [ApiClient39756041] : "signature : keyid=\"f3e48397-884f-4688-8fea-673dd8ae6e30\", algorithm=\"HmacSHA256\", headers=\"host date request-target digest v-c-merchant-id\", signature=\"seIabajKlltmOitAuzzqEVBlgj0C/ElykwfKwrxBYVw=\""
[2026-06-29T05:09:44.477Z] [INFO] [ApiClient39756041] : "User-Agent : Mozilla/5.0"
[2026-06-29T05:09:44.477Z] [INFO] [ApiClient39756041] : "************************  LOGGING END  ************************"
[2026-06-29T05:10:55.881Z] [INFO] [MerchantConfig454213095] : "************************ LOGGING START ************************"
[2026-06-29T05:10:55.886Z] [INFO] [ApiClient965982289] : "Authentication Type : http_signature"
[2026-06-29T05:10:55.887Z] [INFO] [ApiClient965982289] : "Request Type : POST"
[2026-06-29T05:10:55.888Z] [INFO] [ApiClient965982289] : "signatureHeader : keyid=\"0e06b09e-a96a-4f30-8ae5-4bc5a8c53881\", algorithm=\"HmacSHA256\", headers=\"host date request-target digest v-c-merchant-id\", signature=\"gZ2WPMXwJy5gZNXSXMoQkbkxFmNlbTtS6nrp6G1FDvs=\""
[2026-06-29T05:10:55.888Z] [INFO] [ApiClient965982289] : "digest : SHA-256=HAeendYM/PM02Ra6vFKPX2kPv8L6JuN3WnMCpYCERvg="
[2026-06-29T05:10:55.889Z] [INFO] [ApiClient965982289] : "v-c-merchant-id : 852001001"
[2026-06-29T05:10:55.889Z] [INFO] [ApiClient965982289] : "date : Mon, 29 Jun 2026 05:10:55 GMT"
[2026-06-29T05:10:55.889Z] [INFO] [ApiClient965982289] : "host : apitest.cybersource.com"
[2026-06-29T05:10:55.889Z] [INFO] [ApiClient965982289] : "signature : keyid=\"0e06b09e-a96a-4f30-8ae5-4bc5a8c53881\", algorithm=\"HmacSHA256\", headers=\"host date request-target digest v-c-merchant-id\", signature=\"gZ2WPMXwJy5gZNXSXMoQkbkxFmNlbTtS6nrp6G1FDvs=\""
[2026-06-29T05:10:55.890Z] [INFO] [ApiClient965982289] : "User-Agent : Mozilla/5.0"
[2026-06-29T05:10:55.890Z] [INFO] [ApiClient965982289] : "************************  LOGGING END  ************************"
[2026-06-29T05:14:08.700Z] [INFO] [MerchantConfig155376714] : "************************ LOGGING START ************************"
[2026-06-29T05:14:08.702Z] [INFO] [ApiClient810066257] : "Authentication Type : http_signature"
[2026-06-29T05:14:08.702Z] [INFO] [ApiClient810066257] : "Request Type : POST"
[2026-06-29T05:14:08.703Z] [INFO] [ApiClient810066257] : "signatureHeader : keyid=\"0e06b09e-a96a-4f30-8ae5-4bc5a8c53881\", algorithm=\"HmacSHA256\", headers=\"host date request-target digest v-c-merchant-id\", signature=\"WDBRFpR/iu0wJoy5pddsKguhrDLCvlSrR5igV2f9OtE=\""
[2026-06-29T05:14:08.703Z] [INFO] [ApiClient810066257] : "digest : SHA-256=HAeendYM/PM02Ra6vFKPX2kPv8L6JuN3WnMCpYCERvg="
[2026-06-29T05:14:08.703Z] [INFO] [ApiClient810066257] : "v-c-merchant-id : 852001001"
[2026-06-29T05:14:08.703Z] [INFO] [ApiClient810066257] : "date : Mon, 29 Jun 2026 05:14:08 GMT"
[2026-06-29T05:14:08.703Z] [INFO] [ApiClient810066257] : "host : apitest.cybersource.com"
[2026-06-29T05:14:08.704Z] [INFO] [ApiClient810066257] : "signature : keyid=\"0e06b09e-a96a-4f30-8ae5-4bc5a8c53881\", algorithm=\"HmacSHA256\", headers=\"host date request-target digest v-c-merchant-id\", signature=\"WDBRFpR/iu0wJoy5pddsKguhrDLCvlSrR5igV2f9OtE=\""
[2026-06-29T05:14:08.704Z] [INFO] [ApiClient810066257] : "User-Agent : Mozilla/5.0"
[2026-06-29T05:14:08.704Z] [INFO] [ApiClient810066257] : "************************  LOGGING END  ************************"
[2026-06-29T05:19:31.179Z] [INFO] [MerchantConfig984912070] : "************************ LOGGING START ************************"
[2026-06-29T05:19:31.182Z] [INFO] [ApiClient291058319] : "Authentication Type : http_signature"
[2026-06-29T05:19:31.183Z] [INFO] [ApiClient291058319] : "Request Type : POST"
[2026-06-29T05:19:31.184Z] [INFO] [ApiClient291058319] : "signatureHeader : keyid=\"0e06b09e-a96a-4f30-8ae5-4bc5a8c53881\", algorithm=\"HmacSHA256\", headers=\"host date request-target digest v-c-merchant-id\", signature=\"MWrUoGntSc8BNhyO3jMmijaZtqRbrrlD46yJCHT8XFY=\""
[2026-06-29T05:19:31.184Z] [INFO] [ApiClient291058319] : "digest : SHA-256=HAeendYM/PM02Ra6vFKPX2kPv8L6JuN3WnMCpYCERvg="
[2026-06-29T05:19:31.185Z] [INFO] [ApiClient291058319] : "v-c-merchant-id : 852001001"
[2026-06-29T05:19:31.185Z] [INFO] [ApiClient291058319] : "date : Mon, 29 Jun 2026 05:19:31 GMT"
[2026-06-29T05:19:31.185Z] [INFO] [ApiClient291058319] : "host : apitest.cybersource.com"
[2026-06-29T05:19:31.186Z] [INFO] [ApiClient291058319] : "signature : keyid=\"0e06b09e-a96a-4f30-8ae5-4bc5a8c53881\", algorithm=\"HmacSHA256\", headers=\"host date request-target digest v-c-merchant-id\", signature=\"MWrUoGntSc8BNhyO3jMmijaZtqRbrrlD46yJCHT8XFY=\""
[2026-06-29T05:19:31.186Z] [INFO] [ApiClient291058319] : "User-Agent : Mozilla/5.0"
[2026-06-29T05:19:31.186Z] [INFO] [ApiClient291058319] : "************************  LOGGING END  ************************"
[2026-06-29T05:25:19.261Z] [INFO] [ApiClient856526788] : "Authentication Type : http_signature"
[2026-06-29T05:25:19.262Z] [INFO] [ApiClient856526788] : "Request Type : POST"
[2026-06-29T05:25:19.263Z] [INFO] [ApiClient856526788] : "signatureHeader : keyid=\"0e06b09e-a96a-4f30-8ae5-4bc5a8c53881\", algorithm=\"HmacSHA256\", headers=\"host date request-target digest v-c-merchant-id\", signature=\"K4OtTbupyQV/DwUqHbZMQ2RI5trVdV7W0MkdEWp6qxc=\""
[2026-06-29T05:25:19.263Z] [INFO] [ApiClient856526788] : "digest : SHA-256=FIwM8CCDvAXky1s2RwEioIQ3B5zH+f9yFPVEKuSxEDI="
[2026-06-29T05:25:19.264Z] [INFO] [ApiClient856526788] : "v-c-merchant-id : 852001001"
[2026-06-29T05:25:19.258Z] [INFO] [MerchantConfig776326135] : "************************ LOGGING START ************************"
[2026-06-29T05:25:19.264Z] [INFO] [ApiClient856526788] : "date : Mon, 29 Jun 2026 05:25:19 GMT"
[2026-06-29T05:25:19.265Z] [INFO] [ApiClient856526788] : "host : apitest.cybersource.com"
[2026-06-29T05:25:19.265Z] [INFO] [ApiClient856526788] : "signature : keyid=\"0e06b09e-a96a-4f30-8ae5-4bc5a8c53881\", algorithm=\"HmacSHA256\", headers=\"host date request-target digest v-c-merchant-id\", signature=\"K4OtTbupyQV/DwUqHbZMQ2RI5trVdV7W0MkdEWp6qxc=\""
[2026-06-29T05:25:19.266Z] [INFO] [ApiClient856526788] : "User-Agent : Mozilla/5.0"
[2026-06-29T05:25:19.266Z] [INFO] [ApiClient856526788] : "************************  LOGGING END  ************************"
[2026-06-29T05:31:47.190Z] [INFO] [MerchantConfig92306471] : "************************ LOGGING START ************************"
[2026-06-29T05:31:47.193Z] [INFO] [ApiClient683398086] : "Authentication Type : http_signature"
[2026-06-29T05:31:47.194Z] [INFO] [ApiClient683398086] : "Request Type : POST"
[2026-06-29T05:31:47.195Z] [INFO] [ApiClient683398086] : "signatureHeader : keyid=\"0e06b09e-a96a-4f30-8ae5-4bc5a8c53881\", algorithm=\"HmacSHA256\", headers=\"host date request-target digest v-c-merchant-id\", signature=\"PI7UpkfLskB1a/WPO7DB6wM7iit+jCFOSjM/YBF5CDY=\""
[2026-06-29T05:31:47.195Z] [INFO] [ApiClient683398086] : "digest : SHA-256=W6LWU4v4YnvA5GIHgKXw4jOwneZQ47cBFN/J7qLhUfM="
[2026-06-29T05:31:47.195Z] [INFO] [ApiClient683398086] : "v-c-merchant-id : 852001001"
[2026-06-29T05:31:47.195Z] [INFO] [ApiClient683398086] : "date : Mon, 29 Jun 2026 05:31:47 GMT"
[2026-06-29T05:31:47.196Z] [INFO] [ApiClient683398086] : "host : apitest.cybersource.com"
[2026-06-29T05:31:47.196Z] [INFO] [ApiClient683398086] : "signature : keyid=\"0e06b09e-a96a-4f30-8ae5-4bc5a8c53881\", algorithm=\"HmacSHA256\", headers=\"host date request-target digest v-c-merchant-id\", signature=\"PI7UpkfLskB1a/WPO7DB6wM7iit+jCFOSjM/YBF5CDY=\""
[2026-06-29T05:31:47.196Z] [INFO] [ApiClient683398086] : "User-Agent : Mozilla/5.0"
[2026-06-29T05:31:47.196Z] [INFO] [ApiClient683398086] : "************************  LOGGING END  ************************"
[2026-06-29T05:34:37.012Z] [INFO] [MerchantConfig335402546] : "************************ LOGGING START ************************"
[2026-06-29T05:34:37.015Z] [INFO] [ApiClient481743328] : "Authentication Type : http_signature"
[2026-06-29T05:34:37.016Z] [INFO] [ApiClient481743328] : "Request Type : POST"
[2026-06-29T05:34:37.017Z] [INFO] [ApiClient481743328] : "signatureHeader : keyid=\"0e06b09e-a96a-4f30-8ae5-4bc5a8c53881\", algorithm=\"HmacSHA256\", headers=\"host date request-target digest v-c-merchant-id\", signature=\"WR5C+J7NDbMJHLa4vLZLp52RjclbFk6qz9SfeuSvkyM=\""
[2026-06-29T05:34:37.018Z] [INFO] [ApiClient481743328] : "digest : SHA-256=412ZgbKGbJhGHYzZwPNMNIs2rIHHszF9vFRE1Klkmyk="
[2026-06-29T05:34:37.018Z] [INFO] [ApiClient481743328] : "v-c-merchant-id : 852001001"
[2026-06-29T05:34:37.019Z] [INFO] [ApiClient481743328] : "date : Mon, 29 Jun 2026 05:34:37 GMT"
[2026-06-29T05:34:37.019Z] [INFO] [ApiClient481743328] : "host : apitest.cybersource.com"
[2026-06-29T05:34:37.020Z] [INFO] [ApiClient481743328] : "signature : keyid=\"0e06b09e-a96a-4f30-8ae5-4bc5a8c53881\", algorithm=\"HmacSHA256\", headers=\"host date request-target digest v-c-merchant-id\", signature=\"WR5C+J7NDbMJHLa4vLZLp52RjclbFk6qz9SfeuSvkyM=\""
[2026-06-29T05:34:37.020Z] [INFO] [ApiClient481743328] : "User-Agent : Mozilla/5.0"
[2026-06-29T05:34:37.020Z] [INFO] [ApiClient481743328] : "************************  LOGGING END  ************************"
[2026-06-29T05:35:09.589Z] [INFO] [MerchantConfig520403752] : "************************ LOGGING START ************************"
[2026-06-29T05:35:09.592Z] [INFO] [ApiClient345749640] : "Authentication Type : http_signature"
[2026-06-29T05:35:09.592Z] [INFO] [ApiClient345749640] : "Request Type : POST"
[2026-06-29T05:35:09.593Z] [INFO] [ApiClient345749640] : "signatureHeader : keyid=\"0e06b09e-a96a-4f30-8ae5-4bc5a8c53881\", algorithm=\"HmacSHA256\", headers=\"host date request-target digest v-c-merchant-id\", signature=\"7GuJh6FS/UwDTj9L1DdLy9ayzO981iEIqeFuJxmF9P4=\""
[2026-06-29T05:35:09.594Z] [INFO] [ApiClient345749640] : "digest : SHA-256=dTQ0J4bya/IFZ7SObU7HkZkezdc6X2xYoHVKLwsKwXA="
[2026-06-29T05:35:09.594Z] [INFO] [ApiClient345749640] : "v-c-merchant-id : 852001001"
[2026-06-29T05:35:09.595Z] [INFO] [ApiClient345749640] : "date : Mon, 29 Jun 2026 05:35:09 GMT"
[2026-06-29T05:35:09.595Z] [INFO] [ApiClient345749640] : "host : apitest.cybersource.com"
[2026-06-29T05:35:09.596Z] [INFO] [ApiClient345749640] : "signature : keyid=\"0e06b09e-a96a-4f30-8ae5-4bc5a8c53881\", algorithm=\"HmacSHA256\", headers=\"host date request-target digest v-c-merchant-id\", signature=\"7GuJh6FS/UwDTj9L1DdLy9ayzO981iEIqeFuJxmF9P4=\""
[2026-06-29T05:35:09.596Z] [INFO] [ApiClient345749640] : "User-Agent : Mozilla/5.0"
[2026-06-29T05:35:09.597Z] [INFO] [ApiClient345749640] : "************************  LOGGING END  ************************"
[2026-06-29T05:35:31.815Z] [INFO] [ApiClient22630435] : "Authentication Type : http_signature"
[2026-06-29T05:35:31.815Z] [INFO] [ApiClient22630435] : "Request Type : POST"
[2026-06-29T05:35:31.816Z] [INFO] [ApiClient22630435] : "signatureHeader : keyid=\"0e06b09e-a96a-4f30-8ae5-4bc5a8c53881\", algorithm=\"HmacSHA256\", headers=\"host date request-target digest v-c-merchant-id\", signature=\"U3dnZ4dwg/nlN1gV1LMWKZvPWOg4l07Djd4mM2gIKAw=\""
[2026-06-29T05:35:31.816Z] [INFO] [ApiClient22630435] : "digest : SHA-256=dTQ0J4bya/IFZ7SObU7HkZkezdc6X2xYoHVKLwsKwXA="
[2026-06-29T05:35:31.816Z] [INFO] [ApiClient22630435] : "v-c-merchant-id : 852001001"
[2026-06-29T05:35:31.817Z] [INFO] [ApiClient22630435] : "date : Mon, 29 Jun 2026 05:35:31 GMT"
[2026-06-29T05:35:31.817Z] [INFO] [ApiClient22630435] : "host : apitest.cybersource.com"
[2026-06-29T05:35:31.817Z] [INFO] [ApiClient22630435] : "signature : keyid=\"0e06b09e-a96a-4f30-8ae5-4bc5a8c53881\", algorithm=\"HmacSHA256\", headers=\"host date request-target digest v-c-merchant-id\", signature=\"U3dnZ4dwg/nlN1gV1LMWKZvPWOg4l07Djd4mM2gIKAw=\""
[2026-06-29T05:35:31.817Z] [INFO] [ApiClient22630435] : "User-Agent : Mozilla/5.0"
[2026-06-29T05:35:31.818Z] [INFO] [ApiClient22630435] : "************************  LOGGING END  ************************"
[2026-06-29T05:35:31.812Z] [INFO] [MerchantConfig351746687] : "************************ LOGGING START ************************"
[2026-06-29T05:56:46.497Z] [INFO] [MerchantConfig788634666] : "************************ LOGGING START ************************"
[2026-06-29T05:56:46.500Z] [INFO] [ApiClient387725226] : "Authentication Type : http_signature"
[2026-06-29T05:56:46.501Z] [INFO] [ApiClient387725226] : "Request Type : POST"
[2026-06-29T05:56:46.502Z] [INFO] [ApiClient387725226] : "signatureHeader : keyid=\"0e06b09e-a96a-4f30-8ae5-4bc5a8c53881\", algorithm=\"HmacSHA256\", headers=\"host date request-target digest v-c-merchant-id\", signature=\"eS+tgsvSFsjQriVAcDypSlIZdTPxq3mtHHlMl39zEPA=\""
[2026-06-29T05:56:46.502Z] [INFO] [ApiClient387725226] : "digest : SHA-256=dTQ0J4bya/IFZ7SObU7HkZkezdc6X2xYoHVKLwsKwXA="
[2026-06-29T05:56:46.502Z] [INFO] [ApiClient387725226] : "v-c-merchant-id : 852001001"
[2026-06-29T05:56:46.502Z] [INFO] [ApiClient387725226] : "date : Mon, 29 Jun 2026 05:56:46 GMT"
[2026-06-29T05:56:46.503Z] [INFO] [ApiClient387725226] : "host : apitest.cybersource.com"
[2026-06-29T05:56:46.503Z] [INFO] [ApiClient387725226] : "signature : keyid=\"0e06b09e-a96a-4f30-8ae5-4bc5a8c53881\", algorithm=\"HmacSHA256\", headers=\"host date request-target digest v-c-merchant-id\", signature=\"eS+tgsvSFsjQriVAcDypSlIZdTPxq3mtHHlMl39zEPA=\""
[2026-06-29T05:56:46.503Z] [INFO] [ApiClient387725226] : "User-Agent : Mozilla/5.0"
[2026-06-29T05:56:46.504Z] [INFO] [ApiClient387725226] : "************************  LOGGING END  ************************"
[2026-06-29T11:25:09.592Z] [INFO] [MerchantConfig257499382] : "************************ LOGGING START ************************"
[2026-06-29T11:25:09.596Z] [INFO] [ApiClient42268018] : "Authentication Type : http_signature"
[2026-06-29T11:25:09.597Z] [INFO] [ApiClient42268018] : "Request Type : POST"
[2026-06-29T11:25:09.598Z] [INFO] [ApiClient42268018] : "signatureHeader : keyid=\"0e06b09e-a96a-4f30-8ae5-4bc5a8c53881\", algorithm=\"HmacSHA256\", headers=\"host date request-target digest v-c-merchant-id\", signature=\"g7kwjHdZ1T7PqQvWdpFWMdJ0RcYrgqrBN1L86n321Ws=\""
[2026-06-29T11:25:09.598Z] [INFO] [ApiClient42268018] : "digest : SHA-256=dTQ0J4bya/IFZ7SObU7HkZkezdc6X2xYoHVKLwsKwXA="
[2026-06-29T11:25:09.599Z] [INFO] [ApiClient42268018] : "v-c-merchant-id : 852001001"
[2026-06-29T11:25:09.599Z] [INFO] [ApiClient42268018] : "date : Mon, 29 Jun 2026 11:25:09 GMT"
[2026-06-29T11:25:09.599Z] [INFO] [ApiClient42268018] : "host : apitest.cybersource.com"
[2026-06-29T11:25:09.600Z] [INFO] [ApiClient42268018] : "signature : keyid=\"0e06b09e-a96a-4f30-8ae5-4bc5a8c53881\", algorithm=\"HmacSHA256\", headers=\"host date request-target digest v-c-merchant-id\", signature=\"g7kwjHdZ1T7PqQvWdpFWMdJ0RcYrgqrBN1L86n321Ws=\""
[2026-06-29T11:25:09.600Z] [INFO] [ApiClient42268018] : "User-Agent : Mozilla/5.0"
[2026-06-29T11:25:09.600Z] [INFO] [ApiClient42268018] : "************************  LOGGING END  ************************"
