[2026-06-26T03:43:15.661Z] [INFO] [MerchantConfig95505589] : "************************ LOGGING START ************************"
[2026-06-26T03:43:15.667Z] [INFO] [ApiClient246531066] : "Authentication Type : http_signature"
[2026-06-26T03:43:15.667Z] [INFO] [ApiClient246531066] : "Request Type : POST"
[2026-06-26T03:43:15.668Z] [INFO] [ApiClient246531066] : "signatureHeader : keyid=\"f3e48397-884f-4688-8fea-673dd8ae6e30\", algorithm=\"HmacSHA256\", headers=\"host date request-target digest v-c-merchant-id\", signature=\"8kvwNBONZlCC8ztdqINmJcmfy7NfHnleJMi/fue2t+s=\""
[2026-06-26T03:43:15.669Z] [INFO] [ApiClient246531066] : "digest : SHA-256=HAeendYM/PM02Ra6vFKPX2kPv8L6JuN3WnMCpYCERvg="
[2026-06-26T03:43:15.669Z] [INFO] [ApiClient246531066] : "v-c-merchant-id : 852000001001"
[2026-06-26T03:43:15.669Z] [INFO] [ApiClient246531066] : "date : Fri, 26 Jun 2026 03:43:15 GMT"
[2026-06-26T03:43:15.670Z] [INFO] [ApiClient246531066] : "host : apitest.cybersource.com"
[2026-06-26T03:43:15.670Z] [INFO] [ApiClient246531066] : "signature : keyid=\"f3e48397-884f-4688-8fea-673dd8ae6e30\", algorithm=\"HmacSHA256\", headers=\"host date request-target digest v-c-merchant-id\", signature=\"8kvwNBONZlCC8ztdqINmJcmfy7NfHnleJMi/fue2t+s=\""
[2026-06-26T03:43:15.671Z] [INFO] [ApiClient246531066] : "User-Agent : Mozilla/5.0"
[2026-06-26T03:43:15.671Z] [INFO] [ApiClient246531066] : "************************  LOGGING END  ************************"
[2026-06-26T06:00:00.415Z] [INFO] [ApiClient180770571] : "Authentication Type : http_signature"
[2026-06-26T05:57:03.881Z] [INFO] [MerchantConfig840751299] : "************************ LOGGING START ************************"
[2026-06-26T06:00:00.416Z] [INFO] [ApiClient180770571] : "Request Type : POST"
[2026-06-26T06:00:00.417Z] [INFO] [ApiClient180770571] : "signatureHeader : keyid=\"f3e48397-884f-4688-8fea-673dd8ae6e30\", algorithm=\"HmacSHA256\", headers=\"host date request-target digest v-c-merchant-id\", signature=\"yW45cYOtOJQuvPH9NhcbcGDuuqIKzND/1YjIRThTTTw=\""
[2026-06-26T06:00:00.418Z] [INFO] [ApiClient180770571] : "digest : SHA-256=HAeendYM/PM02Ra6vFKPX2kPv8L6JuN3WnMCpYCERvg="
[2026-06-26T06:00:00.418Z] [INFO] [ApiClient180770571] : "v-c-merchant-id : 852000001001"
[2026-06-26T06:00:00.418Z] [INFO] [ApiClient180770571] : "date : Fri, 26 Jun 2026 06:00:00 GMT"
[2026-06-26T06:00:00.419Z] [INFO] [ApiClient180770571] : "host : apitest.cybersource.com"
[2026-06-26T06:00:00.419Z] [INFO] [ApiClient180770571] : "signature : keyid=\"f3e48397-884f-4688-8fea-673dd8ae6e30\", algorithm=\"HmacSHA256\", headers=\"host date request-target digest v-c-merchant-id\", signature=\"yW45cYOtOJQuvPH9NhcbcGDuuqIKzND/1YjIRThTTTw=\""
[2026-06-26T06:00:00.419Z] [INFO] [ApiClient180770571] : "User-Agent : Mozilla/5.0"
[2026-06-26T06:00:00.419Z] [INFO] [ApiClient180770571] : "************************  LOGGING END  ************************"
[2026-06-26T06:00:41.139Z] [INFO] [ApiClient957714300] : "Authentication Type : http_signature"
[2026-06-26T06:00:41.140Z] [INFO] [ApiClient957714300] : "Request Type : POST"
[2026-06-26T06:00:41.141Z] [INFO] [ApiClient957714300] : "signatureHeader : keyid=\"f3e48397-884f-4688-8fea-673dd8ae6e30\", algorithm=\"HmacSHA256\", headers=\"host date request-target digest v-c-merchant-id\", signature=\"bmov1jzn9ah8dHEKP2tUIJLI2kuPi/CGqOXbK+qpH4E=\""
[2026-06-26T06:00:41.141Z] [INFO] [ApiClient957714300] : "digest : SHA-256=HAeendYM/PM02Ra6vFKPX2kPv8L6JuN3WnMCpYCERvg="
[2026-06-26T06:00:41.141Z] [INFO] [ApiClient957714300] : "v-c-merchant-id : 852000001001"
[2026-06-26T06:00:41.142Z] [INFO] [ApiClient957714300] : "date : Fri, 26 Jun 2026 06:00:41 GMT"
[2026-06-26T06:00:41.142Z] [INFO] [ApiClient957714300] : "host : apitest.cybersource.com"
[2026-06-26T06:00:41.142Z] [INFO] [ApiClient957714300] : "signature : keyid=\"f3e48397-884f-4688-8fea-673dd8ae6e30\", algorithm=\"HmacSHA256\", headers=\"host date request-target digest v-c-merchant-id\", signature=\"bmov1jzn9ah8dHEKP2tUIJLI2kuPi/CGqOXbK+qpH4E=\""
[2026-06-26T06:00:41.143Z] [INFO] [ApiClient957714300] : "User-Agent : Mozilla/5.0"
[2026-06-26T06:00:41.136Z] [INFO] [MerchantConfig89451396] : "************************ LOGGING START ************************"
[2026-06-26T06:00:41.143Z] [INFO] [ApiClient957714300] : "************************  LOGGING END  ************************"
[2026-06-26T06:00:55.893Z] [INFO] [MerchantConfig852143330] : "************************ LOGGING START ************************"
[2026-06-26T06:00:55.896Z] [INFO] [ApiClient349961639] : "Authentication Type : http_signature"
[2026-06-26T06:00:55.896Z] [INFO] [ApiClient349961639] : "Request Type : POST"
[2026-06-26T06:00:55.897Z] [INFO] [ApiClient349961639] : "signatureHeader : keyid=\"f3e48397-884f-4688-8fea-673dd8ae6e30\", algorithm=\"HmacSHA256\", headers=\"host date request-target digest v-c-merchant-id\", signature=\"PxUVaIMOKB/JjUzDDd9kV/gO0ZLUanRPFDdIQfeNPdE=\""
[2026-06-26T06:00:55.898Z] [INFO] [ApiClient349961639] : "digest : SHA-256=HAeendYM/PM02Ra6vFKPX2kPv8L6JuN3WnMCpYCERvg="
[2026-06-26T06:00:55.898Z] [INFO] [ApiClient349961639] : "v-c-merchant-id : 852000001001"
[2026-06-26T06:00:55.899Z] [INFO] [ApiClient349961639] : "date : Fri, 26 Jun 2026 06:00:55 GMT"
[2026-06-26T06:00:55.899Z] [INFO] [ApiClient349961639] : "host : apitest.cybersource.com"
[2026-06-26T06:00:55.900Z] [INFO] [ApiClient349961639] : "signature : keyid=\"f3e48397-884f-4688-8fea-673dd8ae6e30\", algorithm=\"HmacSHA256\", headers=\"host date request-target digest v-c-merchant-id\", signature=\"PxUVaIMOKB/JjUzDDd9kV/gO0ZLUanRPFDdIQfeNPdE=\""
[2026-06-26T06:00:55.900Z] [INFO] [ApiClient349961639] : "User-Agent : Mozilla/5.0"
[2026-06-26T06:00:55.901Z] [INFO] [ApiClient349961639] : "************************  LOGGING END  ************************"
[2026-06-26T06:01:58.420Z] [INFO] [MerchantConfig801693377] : "************************ LOGGING START ************************"
[2026-06-26T06:01:58.423Z] [INFO] [ApiClient937270586] : "Authentication Type : http_signature"
[2026-06-26T06:01:58.424Z] [INFO] [ApiClient937270586] : "Request Type : POST"
[2026-06-26T06:01:58.425Z] [INFO] [ApiClient937270586] : "signatureHeader : keyid=\"f3e48397-884f-4688-8fea-673dd8ae6e30\", algorithm=\"HmacSHA256\", headers=\"host date request-target digest v-c-merchant-id\", signature=\"CO8S9qjci5RDPOQjoR5RMT5z32VHUbXaLmL1vzewcE4=\""
[2026-06-26T06:01:58.425Z] [INFO] [ApiClient937270586] : "digest : SHA-256=HAeendYM/PM02Ra6vFKPX2kPv8L6JuN3WnMCpYCERvg="
[2026-06-26T06:01:58.426Z] [INFO] [ApiClient937270586] : "v-c-merchant-id : 852000001001"
[2026-06-26T06:01:58.426Z] [INFO] [ApiClient937270586] : "date : Fri, 26 Jun 2026 06:01:58 GMT"
[2026-06-26T06:01:58.426Z] [INFO] [ApiClient937270586] : "host : apitest.cybersource.com"
[2026-06-26T06:01:58.426Z] [INFO] [ApiClient937270586] : "signature : keyid=\"f3e48397-884f-4688-8fea-673dd8ae6e30\", algorithm=\"HmacSHA256\", headers=\"host date request-target digest v-c-merchant-id\", signature=\"CO8S9qjci5RDPOQjoR5RMT5z32VHUbXaLmL1vzewcE4=\""
[2026-06-26T06:01:58.427Z] [INFO] [ApiClient937270586] : "User-Agent : Mozilla/5.0"
[2026-06-26T06:01:58.427Z] [INFO] [ApiClient937270586] : "************************  LOGGING END  ************************"
[2026-06-26T06:02:05.702Z] [INFO] [ApiClient913226136] : "Authentication Type : http_signature"
[2026-06-26T06:02:05.702Z] [INFO] [ApiClient913226136] : "Request Type : POST"
[2026-06-26T06:02:05.703Z] [INFO] [ApiClient913226136] : "signatureHeader : keyid=\"f3e48397-884f-4688-8fea-673dd8ae6e30\", algorithm=\"HmacSHA256\", headers=\"host date request-target digest v-c-merchant-id\", signature=\"SNO2oa5iL4UzZ9r2PPnWWyaO9Fsh9NC7MugkAJHgcT0=\""
[2026-06-26T06:02:05.703Z] [INFO] [ApiClient913226136] : "digest : SHA-256=HAeendYM/PM02Ra6vFKPX2kPv8L6JuN3WnMCpYCERvg="
[2026-06-26T06:02:05.703Z] [INFO] [ApiClient913226136] : "v-c-merchant-id : 852000001001"
[2026-06-26T06:02:05.704Z] [INFO] [ApiClient913226136] : "date : Fri, 26 Jun 2026 06:02:05 GMT"
[2026-06-26T06:02:05.704Z] [INFO] [ApiClient913226136] : "host : apitest.cybersource.com"
[2026-06-26T06:02:05.704Z] [INFO] [ApiClient913226136] : "signature : keyid=\"f3e48397-884f-4688-8fea-673dd8ae6e30\", algorithm=\"HmacSHA256\", headers=\"host date request-target digest v-c-merchant-id\", signature=\"SNO2oa5iL4UzZ9r2PPnWWyaO9Fsh9NC7MugkAJHgcT0=\""
[2026-06-26T06:02:05.705Z] [INFO] [ApiClient913226136] : "User-Agent : Mozilla/5.0"
[2026-06-26T06:02:05.700Z] [INFO] [MerchantConfig969694124] : "************************ LOGGING START ************************"
[2026-06-26T06:02:05.705Z] [INFO] [ApiClient913226136] : "************************  LOGGING END  ************************"
[2026-06-26T06:03:18.597Z] [INFO] [MerchantConfig271558981] : "************************ LOGGING START ************************"
[2026-06-26T06:03:18.601Z] [INFO] [ApiClient291598317] : "Authentication Type : http_signature"
[2026-06-26T06:03:18.602Z] [INFO] [ApiClient291598317] : "Request Type : POST"
[2026-06-26T06:03:18.603Z] [INFO] [ApiClient291598317] : "signatureHeader : keyid=\"f3e48397-884f-4688-8fea-673dd8ae6e30\", algorithm=\"HmacSHA256\", headers=\"host date request-target digest v-c-merchant-id\", signature=\"xaqL3xVoiMwoRIhaeZ5LrBHnAMp7YS+LU5noF/EJbqM=\""
[2026-06-26T06:03:18.603Z] [INFO] [ApiClient291598317] : "digest : SHA-256=HAeendYM/PM02Ra6vFKPX2kPv8L6JuN3WnMCpYCERvg="
[2026-06-26T06:03:18.604Z] [INFO] [ApiClient291598317] : "v-c-merchant-id : 852000001001"
[2026-06-26T06:03:18.604Z] [INFO] [ApiClient291598317] : "date : Fri, 26 Jun 2026 06:03:18 GMT"
[2026-06-26T06:03:18.604Z] [INFO] [ApiClient291598317] : "host : apitest.cybersource.com"
[2026-06-26T06:03:18.604Z] [INFO] [ApiClient291598317] : "signature : keyid=\"f3e48397-884f-4688-8fea-673dd8ae6e30\", algorithm=\"HmacSHA256\", headers=\"host date request-target digest v-c-merchant-id\", signature=\"xaqL3xVoiMwoRIhaeZ5LrBHnAMp7YS+LU5noF/EJbqM=\""
[2026-06-26T06:03:18.605Z] [INFO] [ApiClient291598317] : "User-Agent : Mozilla/5.0"
[2026-06-26T06:03:18.605Z] [INFO] [ApiClient291598317] : "************************  LOGGING END  ************************"
[2026-06-26T06:06:06.122Z] [INFO] [MerchantConfig147846008] : "************************ LOGGING START ************************"
[2026-06-26T06:06:06.126Z] [INFO] [ApiClient421438027] : "Authentication Type : http_signature"
[2026-06-26T06:06:06.126Z] [INFO] [ApiClient421438027] : "Request Type : POST"
[2026-06-26T06:06:06.127Z] [INFO] [ApiClient421438027] : "signatureHeader : keyid=\"f3e48397-884f-4688-8fea-673dd8ae6e30\", algorithm=\"HmacSHA256\", headers=\"host date request-target digest v-c-merchant-id\", signature=\"0oKEIHHkhiE3GGHmSroNcFWwlj9O5wvMZ6PKMITao0I=\""
[2026-06-26T06:06:06.128Z] [INFO] [ApiClient421438027] : "digest : SHA-256=HAeendYM/PM02Ra6vFKPX2kPv8L6JuN3WnMCpYCERvg="
[2026-06-26T06:06:06.128Z] [INFO] [ApiClient421438027] : "v-c-merchant-id : 852000001001"
[2026-06-26T06:06:06.128Z] [INFO] [ApiClient421438027] : "date : Fri, 26 Jun 2026 06:06:06 GMT"
[2026-06-26T06:06:06.129Z] [INFO] [ApiClient421438027] : "host : apitest.cybersource.com"
[2026-06-26T06:06:06.129Z] [INFO] [ApiClient421438027] : "signature : keyid=\"f3e48397-884f-4688-8fea-673dd8ae6e30\", algorithm=\"HmacSHA256\", headers=\"host date request-target digest v-c-merchant-id\", signature=\"0oKEIHHkhiE3GGHmSroNcFWwlj9O5wvMZ6PKMITao0I=\""
[2026-06-26T06:06:06.129Z] [INFO] [ApiClient421438027] : "User-Agent : Mozilla/5.0"
[2026-06-26T06:06:06.130Z] [INFO] [ApiClient421438027] : "************************  LOGGING END  ************************"
[2026-06-26T06:28:38.185Z] [INFO] [MerchantConfig605579753] : "************************ LOGGING START ************************"
[2026-06-26T06:28:38.187Z] [INFO] [ApiClient530711276] : "Authentication Type : http_signature"
[2026-06-26T06:28:38.188Z] [INFO] [ApiClient530711276] : "Request Type : POST"
[2026-06-26T06:28:38.188Z] [INFO] [ApiClient530711276] : "signatureHeader : keyid=\"f3e48397-884f-4688-8fea-673dd8ae6e30\", algorithm=\"HmacSHA256\", headers=\"host date request-target digest v-c-merchant-id\", signature=\"31Vap8fZXnYWrRQnv/X6oQPzT5yRh4pa/Lh2ShviXHA=\""
[2026-06-26T06:28:38.189Z] [INFO] [ApiClient530711276] : "digest : SHA-256=HAeendYM/PM02Ra6vFKPX2kPv8L6JuN3WnMCpYCERvg="
[2026-06-26T06:28:38.189Z] [INFO] [ApiClient530711276] : "v-c-merchant-id : 852000001001"
[2026-06-26T06:28:38.189Z] [INFO] [ApiClient530711276] : "date : Fri, 26 Jun 2026 06:28:38 GMT"
[2026-06-26T06:28:38.190Z] [INFO] [ApiClient530711276] : "host : apitest.cybersource.com"
[2026-06-26T06:28:38.190Z] [INFO] [ApiClient530711276] : "signature : keyid=\"f3e48397-884f-4688-8fea-673dd8ae6e30\", algorithm=\"HmacSHA256\", headers=\"host date request-target digest v-c-merchant-id\", signature=\"31Vap8fZXnYWrRQnv/X6oQPzT5yRh4pa/Lh2ShviXHA=\""
[2026-06-26T06:28:38.190Z] [INFO] [ApiClient530711276] : "User-Agent : Mozilla/5.0"
[2026-06-26T06:28:38.191Z] [INFO] [ApiClient530711276] : "************************  LOGGING END  ************************"
[2026-06-26T06:50:36.816Z] [INFO] [MerchantConfig211246231] : "************************ LOGGING START ************************"
[2026-06-26T06:52:34.038Z] [INFO] [ApiClient693940551] : "Authentication Type : http_signature"
[2026-06-26T06:52:34.039Z] [INFO] [ApiClient693940551] : "Request Type : POST"
[2026-06-26T06:52:34.040Z] [INFO] [ApiClient693940551] : "signatureHeader : keyid=\"f3e48397-884f-4688-8fea-673dd8ae6e30\", algorithm=\"HmacSHA256\", headers=\"host date request-target digest v-c-merchant-id\", signature=\"GvTSqGktvHpAcGbFeTVx8IcLY/HHHXWZcbVjGYxeqzk=\""
[2026-06-26T06:52:34.040Z] [INFO] [ApiClient693940551] : "digest : SHA-256=HAeendYM/PM02Ra6vFKPX2kPv8L6JuN3WnMCpYCERvg="
[2026-06-26T06:52:34.041Z] [INFO] [ApiClient693940551] : "v-c-merchant-id : 852000001001"
[2026-06-26T06:52:34.041Z] [INFO] [ApiClient693940551] : "date : Fri, 26 Jun 2026 06:52:34 GMT"
[2026-06-26T06:52:34.041Z] [INFO] [ApiClient693940551] : "host : apitest.cybersource.com"
[2026-06-26T06:52:34.041Z] [INFO] [ApiClient693940551] : "signature : keyid=\"f3e48397-884f-4688-8fea-673dd8ae6e30\", algorithm=\"HmacSHA256\", headers=\"host date request-target digest v-c-merchant-id\", signature=\"GvTSqGktvHpAcGbFeTVx8IcLY/HHHXWZcbVjGYxeqzk=\""
[2026-06-26T06:52:34.042Z] [INFO] [ApiClient693940551] : "User-Agent : Mozilla/5.0"
[2026-06-26T06:52:34.042Z] [INFO] [ApiClient693940551] : "************************  LOGGING END  ************************"
[2026-06-26T07:58:53.936Z] [INFO] [ApiClient143695100] : "Authentication Type : http_signature"
[2026-06-26T07:52:00.000Z] [INFO] [MerchantConfig701580102] : "************************ LOGGING START ************************"
[2026-06-26T07:58:53.937Z] [INFO] [ApiClient143695100] : "Request Type : POST"
[2026-06-26T07:58:53.937Z] [INFO] [ApiClient143695100] : "signatureHeader : keyid=\"f3e48397-884f-4688-8fea-673dd8ae6e30\", algorithm=\"HmacSHA256\", headers=\"host date request-target digest v-c-merchant-id\", signature=\"6kLF3kdCXROOF16uIeXjagVMnnNn98FE+mXznXjvFUA=\""
[2026-06-26T07:58:53.937Z] [INFO] [ApiClient143695100] : "digest : SHA-256=HAeendYM/PM02Ra6vFKPX2kPv8L6JuN3WnMCpYCERvg="
[2026-06-26T07:58:53.937Z] [INFO] [ApiClient143695100] : "v-c-merchant-id : 852000001001"
[2026-06-26T07:58:53.937Z] [INFO] [ApiClient143695100] : "date : Fri, 26 Jun 2026 07:58:53 GMT"
[2026-06-26T07:58:53.937Z] [INFO] [ApiClient143695100] : "host : apitest.cybersource.com"
[2026-06-26T07:58:53.937Z] [INFO] [ApiClient143695100] : "signature : keyid=\"f3e48397-884f-4688-8fea-673dd8ae6e30\", algorithm=\"HmacSHA256\", headers=\"host date request-target digest v-c-merchant-id\", signature=\"6kLF3kdCXROOF16uIeXjagVMnnNn98FE+mXznXjvFUA=\""
[2026-06-26T07:58:53.937Z] [INFO] [ApiClient143695100] : "User-Agent : Mozilla/5.0"
[2026-06-26T07:58:53.937Z] [INFO] [ApiClient143695100] : "************************  LOGGING END  ************************"
[2026-06-26T08:13:58.441Z] [INFO] [MerchantConfig18554360] : "************************ LOGGING START ************************"
[2026-06-26T08:14:16.698Z] [INFO] [ApiClient23355201] : "Authentication Type : http_signature"
[2026-06-26T08:14:16.699Z] [INFO] [ApiClient23355201] : "Request Type : POST"
[2026-06-26T08:14:16.700Z] [INFO] [ApiClient23355201] : "signatureHeader : keyid=\"f3e48397-884f-4688-8fea-673dd8ae6e30\", algorithm=\"HmacSHA256\", headers=\"host date request-target digest v-c-merchant-id\", signature=\"op1iIuz/QkfFcbeBNXXFoanzo31l60bHsttIuw+qdAY=\""
[2026-06-26T08:14:16.700Z] [INFO] [ApiClient23355201] : "digest : SHA-256=HAeendYM/PM02Ra6vFKPX2kPv8L6JuN3WnMCpYCERvg="
[2026-06-26T08:14:16.700Z] [INFO] [ApiClient23355201] : "v-c-merchant-id : 852000001001"
[2026-06-26T08:14:16.701Z] [INFO] [ApiClient23355201] : "date : Fri, 26 Jun 2026 08:14:16 GMT"
[2026-06-26T08:14:16.701Z] [INFO] [ApiClient23355201] : "host : apitest.cybersource.com"
[2026-06-26T08:14:16.701Z] [INFO] [ApiClient23355201] : "signature : keyid=\"f3e48397-884f-4688-8fea-673dd8ae6e30\", algorithm=\"HmacSHA256\", headers=\"host date request-target digest v-c-merchant-id\", signature=\"op1iIuz/QkfFcbeBNXXFoanzo31l60bHsttIuw+qdAY=\""
[2026-06-26T08:14:16.701Z] [INFO] [ApiClient23355201] : "User-Agent : Mozilla/5.0"
[2026-06-26T08:14:16.702Z] [INFO] [ApiClient23355201] : "************************  LOGGING END  ************************"
[2026-06-26T10:23:01.861Z] [INFO] [MerchantConfig997254794] : "************************ LOGGING START ************************"
[2026-06-26T10:23:01.864Z] [INFO] [ApiClient902805908] : "Authentication Type : http_signature"
[2026-06-26T10:23:01.865Z] [INFO] [ApiClient902805908] : "Request Type : POST"
[2026-06-26T10:23:01.865Z] [INFO] [ApiClient902805908] : "signatureHeader : keyid=\"0e06b09e-a96a-4f30-8ae5-4bc5a8c53881\", algorithm=\"HmacSHA256\", headers=\"host date request-target digest v-c-merchant-id\", signature=\"RNdewTo+utswFzauqgl23ah05hDBDQX4/0tcwoMgLjE=\""
[2026-06-26T10:23:01.866Z] [INFO] [ApiClient902805908] : "digest : SHA-256=HAeendYM/PM02Ra6vFKPX2kPv8L6JuN3WnMCpYCERvg="
[2026-06-26T10:23:01.866Z] [INFO] [ApiClient902805908] : "v-c-merchant-id : 852001001"
[2026-06-26T10:23:01.866Z] [INFO] [ApiClient902805908] : "date : Fri, 26 Jun 2026 10:23:01 GMT"
[2026-06-26T10:23:01.866Z] [INFO] [ApiClient902805908] : "host : apitest.cybersource.com"
[2026-06-26T10:23:01.867Z] [INFO] [ApiClient902805908] : "signature : keyid=\"0e06b09e-a96a-4f30-8ae5-4bc5a8c53881\", algorithm=\"HmacSHA256\", headers=\"host date request-target digest v-c-merchant-id\", signature=\"RNdewTo+utswFzauqgl23ah05hDBDQX4/0tcwoMgLjE=\""
[2026-06-26T10:23:01.867Z] [INFO] [ApiClient902805908] : "User-Agent : Mozilla/5.0"
[2026-06-26T10:23:01.867Z] [INFO] [ApiClient902805908] : "************************  LOGGING END  ************************"
[2026-06-26T10:28:17.448Z] [INFO] [MerchantConfig868865238] : "************************ LOGGING START ************************"
[2026-06-26T10:28:17.453Z] [INFO] [ApiClient621562716] : "Authentication Type : http_signature"
[2026-06-26T10:28:17.453Z] [INFO] [ApiClient621562716] : "Request Type : POST"
[2026-06-26T10:28:17.454Z] [INFO] [ApiClient621562716] : "signatureHeader : keyid=\"0e06b09e-a96a-4f30-8ae5-4bc5a8c53881\", algorithm=\"HmacSHA256\", headers=\"host date request-target digest v-c-merchant-id\", signature=\"RmVD3OW3lgLg3mbCix6EjCeJ8qHat4in6TTS48a1qk4=\""
[2026-06-26T10:28:17.454Z] [INFO] [ApiClient621562716] : "digest : SHA-256=HAeendYM/PM02Ra6vFKPX2kPv8L6JuN3WnMCpYCERvg="
[2026-06-26T10:28:17.455Z] [INFO] [ApiClient621562716] : "v-c-merchant-id : 852001001"
[2026-06-26T10:28:17.455Z] [INFO] [ApiClient621562716] : "date : Fri, 26 Jun 2026 10:28:17 GMT"
[2026-06-26T10:28:17.456Z] [INFO] [ApiClient621562716] : "host : apitest.cybersource.com"
[2026-06-26T10:28:17.456Z] [INFO] [ApiClient621562716] : "signature : keyid=\"0e06b09e-a96a-4f30-8ae5-4bc5a8c53881\", algorithm=\"HmacSHA256\", headers=\"host date request-target digest v-c-merchant-id\", signature=\"RmVD3OW3lgLg3mbCix6EjCeJ8qHat4in6TTS48a1qk4=\""
[2026-06-26T10:28:17.457Z] [INFO] [ApiClient621562716] : "User-Agent : Mozilla/5.0"
[2026-06-26T10:28:17.457Z] [INFO] [ApiClient621562716] : "************************  LOGGING END  ************************"
[2026-06-26T10:30:59.259Z] [INFO] [MerchantConfig723871900] : "************************ LOGGING START ************************"
[2026-06-26T10:30:59.263Z] [INFO] [ApiClient544834359] : "Authentication Type : http_signature"
[2026-06-26T10:30:59.264Z] [INFO] [ApiClient544834359] : "Request Type : POST"
[2026-06-26T10:30:59.265Z] [INFO] [ApiClient544834359] : "signatureHeader : keyid=\"0e06b09e-a96a-4f30-8ae5-4bc5a8c53881\", algorithm=\"HmacSHA256\", headers=\"host date request-target digest v-c-merchant-id\", signature=\"N7WE9Z/AKxwSnhB40QvBiG6YVgRCQyqOkY4+FxHxfJE=\""
[2026-06-26T10:30:59.265Z] [INFO] [ApiClient544834359] : "digest : SHA-256=HAeendYM/PM02Ra6vFKPX2kPv8L6JuN3WnMCpYCERvg="
[2026-06-26T10:30:59.266Z] [INFO] [ApiClient544834359] : "v-c-merchant-id : 852001001"
[2026-06-26T10:30:59.266Z] [INFO] [ApiClient544834359] : "date : Fri, 26 Jun 2026 10:30:59 GMT"
[2026-06-26T10:30:59.266Z] [INFO] [ApiClient544834359] : "host : apitest.cybersource.com"
[2026-06-26T10:30:59.267Z] [INFO] [ApiClient544834359] : "signature : keyid=\"0e06b09e-a96a-4f30-8ae5-4bc5a8c53881\", algorithm=\"HmacSHA256\", headers=\"host date request-target digest v-c-merchant-id\", signature=\"N7WE9Z/AKxwSnhB40QvBiG6YVgRCQyqOkY4+FxHxfJE=\""
[2026-06-26T10:30:59.267Z] [INFO] [ApiClient544834359] : "User-Agent : Mozilla/5.0"
[2026-06-26T10:30:59.268Z] [INFO] [ApiClient544834359] : "************************  LOGGING END  ************************"
[2026-06-26T10:33:33.456Z] [INFO] [MerchantConfig563250542] : "************************ LOGGING START ************************"
[2026-06-26T10:33:33.458Z] [INFO] [ApiClient242416117] : "Authentication Type : http_signature"
[2026-06-26T10:33:33.458Z] [INFO] [ApiClient242416117] : "Request Type : POST"
[2026-06-26T10:33:33.459Z] [INFO] [ApiClient242416117] : "signatureHeader : keyid=\"0e06b09e-a96a-4f30-8ae5-4bc5a8c53881\", algorithm=\"HmacSHA256\", headers=\"host date request-target digest v-c-merchant-id\", signature=\"SXB6IAWpRFstz6C7HiKqMbly76IWsMiKPXNB0QHzoxA=\""
[2026-06-26T10:33:33.459Z] [INFO] [ApiClient242416117] : "digest : SHA-256=HAeendYM/PM02Ra6vFKPX2kPv8L6JuN3WnMCpYCERvg="
[2026-06-26T10:33:33.459Z] [INFO] [ApiClient242416117] : "v-c-merchant-id : 852001001"
[2026-06-26T10:33:33.460Z] [INFO] [ApiClient242416117] : "date : Fri, 26 Jun 2026 10:33:33 GMT"
[2026-06-26T10:33:33.460Z] [INFO] [ApiClient242416117] : "host : apitest.cybersource.com"
[2026-06-26T10:33:33.460Z] [INFO] [ApiClient242416117] : "signature : keyid=\"0e06b09e-a96a-4f30-8ae5-4bc5a8c53881\", algorithm=\"HmacSHA256\", headers=\"host date request-target digest v-c-merchant-id\", signature=\"SXB6IAWpRFstz6C7HiKqMbly76IWsMiKPXNB0QHzoxA=\""
[2026-06-26T10:33:33.461Z] [INFO] [ApiClient242416117] : "User-Agent : Mozilla/5.0"
[2026-06-26T10:33:33.461Z] [INFO] [ApiClient242416117] : "************************  LOGGING END  ************************"
[2026-06-26T10:35:47.631Z] [INFO] [MerchantConfig232157117] : "************************ LOGGING START ************************"
[2026-06-26T10:35:47.633Z] [INFO] [ApiClient715017697] : "Authentication Type : http_signature"
[2026-06-26T10:35:47.634Z] [INFO] [ApiClient715017697] : "Request Type : POST"
[2026-06-26T10:35:47.635Z] [INFO] [ApiClient715017697] : "signatureHeader : keyid=\"0e06b09e-a96a-4f30-8ae5-4bc5a8c53881\", algorithm=\"HmacSHA256\", headers=\"host date request-target digest v-c-merchant-id\", signature=\"O5iE75I+dHNv8+L93MEDFOJUwohOLzZSf7BmxsC/6Oc=\""
[2026-06-26T10:35:47.635Z] [INFO] [ApiClient715017697] : "digest : SHA-256=HAeendYM/PM02Ra6vFKPX2kPv8L6JuN3WnMCpYCERvg="
[2026-06-26T10:35:47.635Z] [INFO] [ApiClient715017697] : "v-c-merchant-id : 852001001"
[2026-06-26T10:35:47.635Z] [INFO] [ApiClient715017697] : "date : Fri, 26 Jun 2026 10:35:47 GMT"
[2026-06-26T10:35:47.636Z] [INFO] [ApiClient715017697] : "host : apitest.cybersource.com"
[2026-06-26T10:35:47.636Z] [INFO] [ApiClient715017697] : "signature : keyid=\"0e06b09e-a96a-4f30-8ae5-4bc5a8c53881\", algorithm=\"HmacSHA256\", headers=\"host date request-target digest v-c-merchant-id\", signature=\"O5iE75I+dHNv8+L93MEDFOJUwohOLzZSf7BmxsC/6Oc=\""
[2026-06-26T10:35:47.636Z] [INFO] [ApiClient715017697] : "User-Agent : Mozilla/5.0"
[2026-06-26T10:35:47.637Z] [INFO] [ApiClient715017697] : "************************  LOGGING END  ************************"
